<?xml version="1.0" encoding="UTF-8"?>
<!-- Generated by org.testng.reporters.JUnitReportReporter -->
<testsuite hostname="DESKTOP-CI2T2L0" failures="0" tests="1" name="firstProjectPavan.firstProjectPavan.test" time="12.422" errors="0" timestamp="2020-06-28T09:36:24 EDT" skipped="0">
  <testcase classname="firstProjectPavan.firstProjectPavan.test" name="jobsearchOnAllegisGroupHomePageBasic" time="12.422"/>
  <system-out/>
</testsuite> <!-- firstProjectPavan.firstProjectPavan.test -->
