<?xml version="1.0" encoding="UTF-8"?>
<!-- Generated by org.testng.reporters.JUnitReportReporter -->
<testsuite hostname="DESKTOP-CI2T2L0" failures="0" tests="1" name="firstProjectPavan.firstProjectPavan.test" time="14.679" errors="0" timestamp="2020-06-28T15:24:30 EDT" skipped="0">
  <testcase classname="firstProjectPavan.firstProjectPavan.test" name="jobsearchOnAllegisGroupHomePageBasic" time="14.679"/>
  <system-out/>
</testsuite> <!-- firstProjectPavan.firstProjectPavan.test -->
